2025-04-06 17:20:31.4683|DEBUG|Program|location of wsfscservice is: /home/radhi/.nuget/packages/websharper.fsharp/8.0.0.540/tools/net8.0/linux-x64 (server side)
2025-04-06 17:20:31.4686|DEBUG|Program|pipename is: /tmp/fd9c2f835b697f64178ee27013227e97 (server side)
2025-04-06 17:20:31.4686|DEBUG|Program|Compiling /home/radhi/RiderProjects/ocr-websharper/ocr-websharper/ocr-websharper.fsproj
2025-04-06 17:20:31.8612|TRACE|Program|Server sends: n: F# compilation: 00:00:00.3938356
2025-04-06 17:20:31.9617|TRACE|Program|Server sends: n: Checking project: 00:00:00.1004823
2025-04-06 17:20:31.9617|TRACE|Program|Server sends: n: Waiting on merged metadata: 00:00:00.0001766
2025-04-06 17:20:31.9744|TRACE|Program|Server sends: n: Parsing with FCS: 00:00:00.0125435
2025-04-06 17:20:31.9745|TRACE|Program|Server sends: n: Analyzing function arguments: 00:00:00.0001483
2025-04-06 17:20:31.9745|TRACE|Program|Server sends: n: Resolving names: 00:00:00.0001538
2025-04-06 17:20:31.9768|TRACE|Program|Server sends: n: WebSharper translation: 00:00:00.0021613
2025-04-06 17:20:31.9768|TRACE|Program|Server sends: n: Source position transformations: 00:00:00.0004100
2025-04-06 17:20:31.9774|TRACE|Program|Server sends: n: Packaging assembly: 00:00:00.0001792
2025-04-06 17:20:31.9957|TRACE|Program|Server sends: n: Computing metadata: 00:00:00.0182445
2025-04-06 17:20:31.9957|TRACE|Program|Server sends: n: Writing reexports root.js: 00:00:00.0003041
2025-04-06 17:20:31.9957|TRACE|Program|Server sends: n: Writing ocr_websharper.Client.State.js: 00:00:00.0003976
2025-04-06 17:20:31.9964|TRACE|Program|Server sends: n: Writing ocr_websharper.Client.js: 00:00:00.0000401
2025-04-06 17:20:31.9964|TRACE|Program|Server sends: n: Writing $EntryPoint.js: 00:00:00.0000236
2025-04-06 17:20:31.9964|TRACE|Program|Server sends: n: Writing .d.ts files: 00:00:00.0002004
2025-04-06 17:20:31.9964|TRACE|Program|Server sends: n: Hashing resources: 00:00:00.0000760
2025-04-06 17:20:32.2056|TRACE|Program|Server sends: n: Serializing metadata: 00:00:00.2088862
2025-04-06 17:20:32.2075|TRACE|Program|Server sends: n: Writing resources into assembly: 00:00:00.0018916
2025-04-06 17:20:32.2684|TRACE|Program|Server sends: n: Bundling: 00:00:00.0608911
2025-04-06 17:20:32.2684|TRACE|Program|Server sends: x: 0
